<?xml version="1.0" encoding="UTF-8"?>
<!-- Generated by org.testng.reporters.JUnitReportReporter -->
<testsuite skipped="0" hostname="DESKTOP-1F7BV7C" name="a.CalculetteTest" tests="1" failures="0" timestamp="21 juil. 2020 21:06:04 GMT" time="0.016" errors="0">
  <testcase name="addTest" time="0.016" classname="a.CalculetteTest"/>
</testsuite> <!-- a.CalculetteTest -->
