<?xml version="1.0" encoding="UTF-8"?>
<!-- Generated by org.testng.reporters.JUnitReportReporter -->
<testsuite skipped="0" hostname="DESKTOP-1F7BV7C" name="a.ATest" tests="4" failures="0" timestamp="21 juil. 2020 21:09:23 GMT" time="0.017" errors="0">
  <testcase name="addTest" time="0.013" classname="a.ATest"/>
  <testcase name="diviserTest" time="0.003" classname="a.ATest"/>
  <testcase name="produitTest" time="0.001" classname="a.ATest"/>
  <testcase name="soustraireTest" time="0.000" classname="a.ATest"/>
</testsuite> <!-- a.ATest -->
